<?xml version="1.0" encoding="UTF-8"?>
<!-- Generated by org.testng.reporters.JUnitReportReporter -->
<testsuite hostname="Aaradana" failures="0" tests="3" name="testNG.DependenciesManagement" time="0.007" errors="0" timestamp="2022-03-07T17:35:18 EST" skipped="0">
  <testcase classname="testNG.DependenciesManagement" name="higherSecondary" time="0.001"/>
  <system-out/>
  <testcase classname="testNG.DependenciesManagement" name="highSchool" time="0.006"/>
  <system-out/>
  <testcase classname="testNG.DependenciesManagement" name="bscCollege" time="0.000"/>
  <system-out/>
</testsuite> <!-- testNG.DependenciesManagement -->
