<?xml version="1.0" encoding="UTF-8"?>
<!-- Generated by org.testng.reporters.JUnitReportReporter -->
<testsuite hostname="Aaradana" failures="0" tests="1" name="testNG.SampleTestCase" time="0.011" errors="0" timestamp="2022-03-08T11:14:40 EST" skipped="0">
  <testcase classname="testNG.SampleTestCase" name="firstTestCase" time="0.011"/>
  <system-out/>
</testsuite> <!-- testNG.SampleTestCase -->
