<?xml version="1.0" encoding="UTF-8"?>
<!-- Generated by org.testng.reporters.JUnitReportReporter -->
<testsuite hostname="Aaradana" failures="0" tests="6" name="testNG.SkipATestCase" time="0.003" errors="0" timestamp="2022-03-07T17:35:18 EST" skipped="1">
  <testcase classname="testNG.SkipATestCase" name="startTheCar" time="0.000"/>
  <system-out/>
  <testcase classname="testNG.SkipATestCase" name="firstGearOn" time="0.000"/>
  <system-out/>
  <testcase classname="testNG.SkipATestCase" name="secondGearOn" time="0.001"/>
  <system-out/>
  <testcase classname="testNG.SkipATestCase" name="thirdGearOn" time="0.001"/>
  <system-out/>
  <testcase classname="testNG.SkipATestCase" name="fourthGearOn" time="0.001"/>
  <system-out/>
  <testcase classname="testNG.SkipATestCase" name="turnOnTheMusic">
    <skipped/>
  </testcase> <!-- turnOnTheMusic -->
  <system-out/>
</testsuite> <!-- testNG.SkipATestCase -->
