<?xml version="1.0" encoding="UTF-8"?>
<!-- Generated by org.testng.reporters.JUnitReportReporter -->
<testsuite hostname="Aaradana" failures="0" tests="3" name="testNG.AnnotationsHierachyExample" time="0.009" errors="0" timestamp="2022-03-08T07:08:41 EST" skipped="0">
  <testcase classname="testNG.AnnotationsHierachyExample" name="test3" time="0.003"/>
  <system-out/>
  <testcase classname="testNG.AnnotationsHierachyExample" name="test" time="0.005"/>
  <system-out/>
  <testcase classname="testNG.AnnotationsHierachyExample" name="test2" time="0.001"/>
  <system-out/>
</testsuite> <!-- testNG.AnnotationsHierachyExample -->
