<?xml version="1.0" encoding="UTF-8"?>
<!-- Generated by org.testng.reporters.JUnitReportReporter -->
<testsuite hostname="Aaradana" failures="0" tests="5" name="testNG.PrioritingDriverTestCase" time="0.003" errors="0" timestamp="2022-03-07T17:35:18 EST" skipped="0">
  <testcase classname="testNG.PrioritingDriverTestCase" name="startTheCar" time="0.001"/>
  <system-out/>
  <testcase classname="testNG.PrioritingDriverTestCase" name="firstGearOn" time="0.001"/>
  <system-out/>
  <testcase classname="testNG.PrioritingDriverTestCase" name="secondGearOn" time="0.001"/>
  <system-out/>
  <testcase classname="testNG.PrioritingDriverTestCase" name="thirdGearOn" time="0.000"/>
  <system-out/>
  <testcase classname="testNG.PrioritingDriverTestCase" name="fourthGearOn" time="0.000"/>
  <system-out/>
</testsuite> <!-- testNG.PrioritingDriverTestCase -->
