<?xml version="1.0" encoding="UTF-8"?>
<!-- Generated by org.testng.reporters.JUnitReportReporter -->
<testsuite hostname="Aaradana" failures="0" tests="1" name="testNG.AssertionsExample" time="0.012" errors="0" timestamp="2022-03-08T06:53:14 EST" skipped="0">
  <testcase classname="testNG.AssertionsExample" name="checkEqual" time="0.012"/>
  <system-out/>
</testsuite> <!-- testNG.AssertionsExample -->
