<?xml version="1.0" encoding="UTF-8"?>
<!-- Generated by org.testng.reporters.JUnitReportReporter -->
<testsuite hostname="Aaradana" failures="0" tests="8" name="testNG.GroupingExample" time="0.012" errors="0" timestamp="2022-03-08T06:21:24 EST" skipped="0">
  <testcase classname="testNG.GroupingExample" name="moto_1" time="0.001"/>
  <system-out/>
  <testcase classname="testNG.GroupingExample" name="vivo_2" time="0.001"/>
  <system-out/>
  <testcase classname="testNG.GroupingExample" name="apple_2" time="0.001"/>
  <system-out/>
  <testcase classname="testNG.GroupingExample" name="apple_1" time="0.007"/>
  <system-out/>
  <testcase classname="testNG.GroupingExample" name="lenevo_1" time="0.000"/>
  <system-out/>
  <testcase classname="testNG.GroupingExample" name="moto_2" time="0.001"/>
  <system-out/>
  <testcase classname="testNG.GroupingExample" name="vivo_1" time="0.001"/>
  <system-out/>
  <testcase classname="testNG.GroupingExample" name="lenevo_2" time="0.000"/>
  <system-out/>
</testsuite> <!-- testNG.GroupingExample -->
