<?xml version="1.0" encoding="UTF-8"?>
<!-- Generated by org.testng.reporters.JUnitReportReporter -->
<testsuite hostname="Aaradana" failures="0" tests="3" name="testNG.SuiteExample" time="2.450" errors="0" timestamp="2022-03-07T14:30:13 EST" skipped="0">
  <testcase classname="testNG.SuiteExample" name="openGoogle" time="0.650"/>
  <system-out/>
  <testcase classname="testNG.SuiteExample" name="openBing" time="0.385"/>
  <system-out/>
  <testcase classname="testNG.SuiteExample" name="openYahoo" time="1.415"/>
  <system-out/>
</testsuite> <!-- testNG.SuiteExample -->
