<?xml version="1.0" encoding="UTF-8"?>
<!-- Generated by org.testng.reporters.JUnitReportReporter -->
<testsuite hostname="Aaradana" failures="0" tests="2" name="testNG.ParallelTesting" time="4.616" errors="0" timestamp="2022-03-08T06:37:32 EST" skipped="0">
  <testcase classname="testNG.ParallelTesting" name="openBing" time="2.092"/>
  <system-out/>
  <testcase classname="testNG.ParallelTesting" name="openGoogle" time="2.524"/>
  <system-out/>
</testsuite> <!-- testNG.ParallelTesting -->
