<?xml version="1.0" encoding="UTF-8"?>
<!-- Generated by org.testng.reporters.JUnitReportReporter -->
<testsuite hostname="Aaradana" failures="0" tests="3" name="extentReportExample.ExtentReportExample" time="2.251" errors="0" timestamp="2022-03-22T13:40:26 EDT" skipped="0">
  <testcase classname="extentReportExample.ExtentReportExample" name="openGoogle" time="0.898"/>
  <system-out/>
  <testcase classname="extentReportExample.ExtentReportExample" name="openWikiPedia" time="1.051"/>
  <system-out/>
  <testcase classname="extentReportExample.ExtentReportExample" name="openBing" time="0.302"/>
  <system-out/>
</testsuite> <!-- extentReportExample.ExtentReportExample -->
